[H[J[3J
-------------------------------------------------------------------------
 _____                           ___ _           
/__   \___ _ __ ___ ___ _ __    / _ (_)___  ___  
  / /\/ _ \ '__/ __/ _ \ '__|  / /_)/ / __|/ _ \ 
 / / |  __/ | | (_|  __/ |    / ___/| \__ \ (_) |
 \/   \___|_|  \___\___|_|    \/    |_|___/\___/ 
                                                 Installer.
------------------------------------------------------------------------
            Please select presetup settings for your system              
------------------------------------------------------------------------
Please enter your username: Please enter your password: 
Please repeat your password: 
[?2004hPlease enter your hostname: harkonidaz
[?2004l[H[J[3J
-------------------------------------------------------------------------
 _____                           ___ _           
/__   \___ _ __ ___ ___ _ __    / _ (_)___  ___  
  / /\/ _ \ '__/ __/ _ \ '__|  / /_)/ / __|/ _ \ 
 / / |  __/ | | (_|  __/ |    / ___/| \__ \ (_) |
 \/   \___|_|  \___\___|_|    \/    |_|___/\___/ 
                                                 Installer.
------------------------------------------------------------------------
            Please select presetup settings for your system              
------------------------------------------------------------------------
Please select your desired Desktop Enviroment:












[6n[6n[?25l[14;1H  [7m gnome [27m[14;61H   kde [14;121H   cinnamon [14;181H   xfce [15;1H   mate [15;61H   budgie [15;121H   lxde [15;181H   deepin [16;1H   openbox [16;61H   server [14;1H   gnome [14;61H  [7m kde [27m[14;121H   cinnamon [14;181H   xfce [15;1H   mate [15;61H   budgie [15;121H   lxde [15;181H   deepin [16;1H   openbox [16;61H   server [14;1H   gnome [14;61H   kde [14;121H  [7m cinnamon [27m[14;181H   xfce [15;1H   mate [15;61H   budgie [15;121H   lxde [15;181H   deepin [16;1H   openbox [16;61H   server [14;1H   gnome [14;61H   kde [14;121H   cinnamon [14;181H  [7m xfce [27m[15;1H   mate [15;61H   budgie [15;121H   lxde [15;181H   deepin [16;1H   openbox [16;61H   server [25;1H
[?25h[H[J[3J
-------------------------------------------------------------------------
 _____                           ___ _           
/__   \___ _ __ ___ ___ _ __    / _ (_)___  ___  
  / /\/ _ \ '__/ __/ _ \ '__|  / /_)/ / __|/ _ \ 
 / / |  __/ | | (_|  __/ |    / ___/| \__ \ (_) |
 \/   \___|_|  \___\___|_|    \/    |_|___/\___/ 
                                                 Installer.
------------------------------------------------------------------------
            Please select presetup settings for your system              
------------------------------------------------------------------------
Please enter your desired AUR helper:









[6n[6n[?25l[14;1H  [7m paru [27m[14;61H   yay [14;121H   picaur [14;181H   aura [15;1H   trizen [15;61H   pacaur [15;121H   none [22;1H
[?25h[H[J[3J
-------------------------------------------------------------------------
 _____                           ___ _           
/__   \___ _ __ ___ ___ _ __    / _ (_)___  ___  
  / /\/ _ \ '__/ __/ _ \ '__|  / /_)/ / __|/ _ \ 
 / / |  __/ | | (_|  __/ |    / ___/| \__ \ (_) |
 \/   \___|_|  \___\___|_|    \/    |_|___/\___/ 
                                                 Installer.
------------------------------------------------------------------------
            Please select presetup settings for your system              
------------------------------------------------------------------------
Please select type of installation:


  Full install: Installs full featured desktop enviroment, with added apps and themes needed for everyday use

  Minimal Install: Installs only apps few selected apps to get you started




[6n[6n[?25l[19;1H  [7m FULL [27m[19;61H   MINIMAL [22;1H
[?25h[H[J[3J
-------------------------------------------------------------------------
 _____                           ___ _           
/__   \___ _ __ ___ ___ _ __    / _ (_)___  ___  
  / /\/ _ \ '__/ __/ _ \ '__|  / /_)/ / __|/ _ \ 
 / / |  __/ | | (_|  __/ |    / ___/| \__ \ (_) |
 \/   \___|_|  \___\___|_|    \/    |_|___/\___/ 
                                                 Installer.
------------------------------------------------------------------------
            Please select presetup settings for your system              
------------------------------------------------------------------------

------------------------------------------------------------------------
    THIS WILL FORMAT AND DELETE ALL DATA ON THE DISK
    Please make sure you know what you are doing because
    after formating your disk there is no way to get data back
------------------------------------------------------------------------





[6n[6n[?25l[20;1H  [7m /dev/sda|447.1G [27m[21;1H   /dev/sdb|28.9G [23;1H
[?25h
/dev/sda selected 


Is this an ssd? yes/no:




[6n[6n[?25l[30;1H  [7m Yes [27m[31;1H   No [33;1H
[?25h[H[J[3J
-------------------------------------------------------------------------
 _____                           ___ _           
/__   \___ _ __ ___ ___ _ __    / _ (_)___  ___  
  / /\/ _ \ '__/ __/ _ \ '__|  / /_)/ / __|/ _ \ 
 / / |  __/ | | (_|  __/ |    / ___/| \__ \ (_) |
 \/   \___|_|  \___\___|_|    \/    |_|___/\___/ 
                                                 Installer.
------------------------------------------------------------------------
            Please select presetup settings for your system              
------------------------------------------------------------------------

Please Select your file system for both boot and root






[6n[6n[?25l[15;1H  [7m btrfs [27m[16;1H   ext4 [17;1H   luks [18;1H   exit [15;1H   btrfs [16;1H  [7m ext4 [27m[17;1H   luks [18;1H   exit [20;1H
[?25h[H[J[3J
-------------------------------------------------------------------------
 _____                           ___ _           
/__   \___ _ __ ___ ___ _ __    / _ (_)___  ___  
  / /\/ _ \ '__/ __/ _ \ '__|  / /_)/ / __|/ _ \ 
 / / |  __/ | | (_|  __/ |    / ___/| \__ \ (_) |
 \/   \___|_|  \___\___|_|    \/    |_|___/\___/ 
                                                 Installer.
------------------------------------------------------------------------
            Please select presetup settings for your system              
------------------------------------------------------------------------
  % Total    % Received % Xferd  Average Speed   Time    Time     Time  Current
                                 Dload  Upload   Total   Spent    Left  Speed
  0     0    0     0    0     0      0      0 --:--:-- --:--:-- --:--:--     0  0     0    0     0    0     0      0      0 --:--:-- --:--:-- --:--:--     0100    30  100    30    0     0     79      0 --:--:-- --:--:-- --:--:--    79

System detected your timezone to be 'America/Argentina/Buenos_Aires' 
Is this correct?




[6n[6n[?25l[19;1H  [7m Yes [27m[20;1H   No [22;1H
[?25hAmerica/Argentina/Buenos_Aires set as timezone
[H[J[3J
-------------------------------------------------------------------------
 _____                           ___ _           
/__   \___ _ __ ___ ___ _ __    / _ (_)___  ___  
  / /\/ _ \ '__/ __/ _ \ '__|  / /_)/ / __|/ _ \ 
 / / |  __/ | | (_|  __/ |    / ___/| \__ \ (_) |
 \/   \___|_|  \___\___|_|    \/    |_|___/\___/ 
                                                 Installer.
------------------------------------------------------------------------
            Please select presetup settings for your system              
------------------------------------------------------------------------

Please select key board layout from this list




























[6n[6n[?25l[14;1H  [7m us [27m[14;61H   by [14;121H   ca [14;181H   cf [15;1H   cz [15;61H   de [15;121H   dk [15;181H   es [16;1H   et [16;61H   fa [16;121H   fi [16;181H   fr [17;1H   gr [17;61H   hu [17;121H   il [17;181H   it [18;1H   lt [18;61H   lv [18;121H   mk [18;181H   nl [19;1H   no [19;61H   pl [19;121H   ro [19;181H   ru [20;1H   sg [20;61H   ua [20;121H   uk [14;1H   us [14;61H  [7m by [27m[14;121H   ca [14;181H   cf [15;1H   cz [15;61H   de [15;121H   dk [15;181H   es [16;1H   et [16;61H   fa [16;121H   fi [16;181H   fr [17;1H   gr [17;61H   hu [17;121H   il [17;181H   it [18;1H   lt [18;61H   lv [18;121H   mk [18;181H   nl [19;1H   no [19;61H   pl [19;121H   ro [19;181H   ru [20;1H   sg [20;61H   ua [20;121H   uk [14;1H   us [14;61H   by [14;121H  [7m ca [27m[14;181H   cf [15;1H   cz [15;61H   de [15;121H   dk [15;181H   es [16;1H   et [16;61H   fa [16;121H   fi [16;181H   fr [17;1H   gr [17;61H   hu [17;121H   il [17;181H   it [18;1H   lt [18;61H   lv [18;121H   mk [18;181H   nl [19;1H   no [19;61H   pl [19;121H   ro [19;181H   ru [20;1H   sg [20;61H   ua [20;121H   uk [14;1H   us [14;61H   by [14;121H   ca [14;181H  [7m cf [27m[15;1H   cz [15;61H   de [15;121H   dk [15;181H   es [16;1H   et [16;61H   fa [16;121H   fi [16;181H   fr [17;1H   gr [17;61H   hu [17;121H   il [17;181H   it [18;1H   lt [18;61H   lv [18;121H   mk [18;181H   nl [19;1H   no [19;61H   pl [19;121H   ro [19;181H   ru [20;1H   sg [20;61H   ua [20;121H   uk [14;1H   us [14;61H   by [14;121H   ca [14;181H   cf [15;1H   cz [15;61H   de [15;121H   dk [15;181H  [7m es [27m[16;1H   et [16;61H   fa [16;121H   fi [16;181H   fr [17;1H   gr [17;61H   hu [17;121H   il [17;181H   it [18;1H   lt [18;61H   lv [18;121H   mk [18;181H   nl [19;1H   no [19;61H   pl [19;121H   ro [19;181H   ru [20;1H   sg [20;61H   ua [20;121H   uk [42;1H
[?25hYour key boards layout: es 
